2025-07-05 10:27:37,027 - INFO - Processando estação: 142553
2025-07-05 10:27:37,027 - INFO - Dados para 'malemba' salvos em: dados/2025-07-05/malemba_2025-07-05_10-27.csv
2025-07-05 10:27:37,433 - INFO - Processando estação: 182
2025-07-05 10:27:37,433 - INFO - Dados para 'areias' salvos em: dados/2025-07-05/areias_2025-07-05_10-27.csv
2025-07-05 10:27:38,807 - INFO - Processando estação: 136633
2025-07-05 10:27:38,807 - INFO - Dados para 'gamboa' salvos em: dados/2025-07-05/gamboa_2025-07-05_10-27.csv
2025-07-05 10:27:41,058 - INFO - Processando estação: 188
2025-07-05 10:27:41,058 - INFO - Dados para 'leandrinho' salvos em: dados/2025-07-05/leandrinho_2025-07-05_10-27.csv
2025-07-05 10:27:45,029 - INFO - Processando estação: 187
2025-07-05 10:27:45,045 - INFO - Dados para 'gravatá' salvos em: dados/2025-07-05/gravatá_2025-07-05_10-27.csv
2025-07-05 10:27:46,776 - INFO - Processando estação: 190
2025-07-05 10:27:46,776 - INFO - Dados para 'cobre' salvos em: dados/2025-07-05/cobre_2025-07-05_10-27.csv
2025-07-05 10:27:50,753 - INFO - Processando estação: 184
2025-07-05 10:27:50,768 - INFO - Dados para 'machadinho' salvos em: dados/2025-07-05/machadinho_2025-07-05_10-27.csv
2025-07-05 10:27:52,037 - INFO - Processando estação: 136634
2025-07-05 10:27:52,038 - INFO - Dados para 'caboto' salvos em: dados/2025-07-05/caboto_2025-07-05_10-27.csv
2025-07-05 10:27:53,879 - INFO - Processando estação: 186
2025-07-05 10:27:53,879 - INFO - Dados para 'futurama_i' salvos em: dados/2025-07-05/futurama_i_2025-07-05_10-27.csv
2025-07-05 10:27:57,386 - INFO - Processando estação: 189
2025-07-05 10:27:57,386 - INFO - Dados para 'lamarao' salvos em: dados/2025-07-05/lamarao_2025-07-05_10-27.csv
2025-07-05 10:27:59,704 - INFO - Processando estação: 183
2025-07-05 10:27:59,704 - INFO - Dados para 'concordia' salvos em: dados/2025-07-05/concordia_2025-07-05_10-27.csv
2025-07-05 10:28:02,491 - INFO - Processando estação: 185
2025-07-05 10:28:02,491 - INFO - Dados para 'câmara' salvos em: dados/2025-07-05/câmara_2025-07-05_10-27.csv
2025-07-05 10:28:06,075 - INFO - Processando estação: 181
2025-07-05 10:28:06,075 - INFO - Dados para 'escola' salvos em: dados/2025-07-05/escola_2025-07-05_10-27.csv
2025-07-05 10:28:08,461 - INFO - Processando estação: 136513
2025-07-05 10:28:08,461 - INFO - Dados para 'areias_ii' salvos em: dados/2025-07-05/areias_ii_2025-07-05_10-27.csv
2025-07-05 10:28:09,902 - INFO - Processando estação: 136613
2025-07-05 10:28:09,902 - INFO - Dados para 'botelho' salvos em: dados/2025-07-05/botelho_2025-07-05_10-27.csv
2025-07-05 10:36:16,627 - INFO - ===== INICIANDO NOVA COLETA DE DADOS =====
2025-07-05 10:36:16,627 - INFO - Encontradas 15 estações para a Bahia.
2025-07-05 10:36:16,627 - INFO - Pasta de saída definida como: dados/2025-07-05
2025-07-05 10:36:16,627 - INFO - Processando estação: 142553 | URL: https://monitorar-backend.mma.gov.br/v1/estacao/por-ids?ids=142553
2025-07-05 10:36:17,499 - INFO - Dados para 'malemba' salvos com 83 registros.
2025-07-05 10:36:18,512 - INFO - Processando estação: 182 | URL: https://monitorar-backend.mma.gov.br/v1/estacao/por-ids?ids=182
2025-07-05 10:36:18,921 - INFO - Dados para 'areias' salvos com 24 registros.
2025-07-05 10:36:19,924 - INFO - Processando estação: 136633 | URL: https://monitorar-backend.mma.gov.br/v1/estacao/por-ids?ids=136633
2025-07-05 10:36:21,154 - INFO - Dados para 'gamboa' salvos com 112 registros.
2025-07-05 10:36:22,164 - INFO - Processando estação: 188 | URL: https://monitorar-backend.mma.gov.br/v1/estacao/por-ids?ids=188
2025-07-05 10:36:24,436 - INFO - Dados para 'leandrinho' salvos com 96 registros.
2025-07-05 10:36:25,437 - INFO - Processando estação: 187 | URL: https://monitorar-backend.mma.gov.br/v1/estacao/por-ids?ids=187
2025-07-05 10:36:29,191 - INFO - Dados para 'gravatá' salvos com 96 registros.
2025-07-05 10:36:30,192 - INFO - Processando estação: 190 | URL: https://monitorar-backend.mma.gov.br/v1/estacao/por-ids?ids=190
2025-07-05 10:36:31,955 - INFO - Dados para 'cobre' salvos com 24 registros.
2025-07-05 10:36:32,956 - INFO - Processando estação: 184 | URL: https://monitorar-backend.mma.gov.br/v1/estacao/por-ids?ids=184
2025-07-05 10:36:36,823 - INFO - Dados para 'machadinho' salvos com 120 registros.
2025-07-05 10:36:37,824 - INFO - Processando estação: 136634 | URL: https://monitorar-backend.mma.gov.br/v1/estacao/por-ids?ids=136634
2025-07-05 10:36:39,338 - INFO - Dados para 'caboto' salvos com 112 registros.
2025-07-05 10:36:40,339 - INFO - Processando estação: 186 | URL: https://monitorar-backend.mma.gov.br/v1/estacao/por-ids?ids=186
2025-07-05 10:36:42,078 - INFO - Dados para 'futurama_i' salvos com 24 registros.
2025-07-05 10:36:43,080 - INFO - Processando estação: 189 | URL: https://monitorar-backend.mma.gov.br/v1/estacao/por-ids?ids=189
2025-07-05 10:36:46,507 - INFO - Dados para 'lamarao' salvos com 72 registros.
2025-07-05 10:36:47,508 - INFO - Processando estação: 183 | URL: https://monitorar-backend.mma.gov.br/v1/estacao/por-ids?ids=183
2025-07-05 10:36:49,921 - INFO - Dados para 'concordia' salvos com 72 registros.
2025-07-05 10:36:50,922 - INFO - Processando estação: 185 | URL: https://monitorar-backend.mma.gov.br/v1/estacao/por-ids?ids=185
2025-07-05 10:36:53,217 - INFO - Dados para 'câmara' salvos com 72 registros.
2025-07-05 10:36:54,219 - INFO - Processando estação: 181 | URL: https://monitorar-backend.mma.gov.br/v1/estacao/por-ids?ids=181
2025-07-05 10:36:57,959 - INFO - Dados para 'escola' salvos com 72 registros.
2025-07-05 10:36:58,960 - INFO - Processando estação: 136513 | URL: https://monitorar-backend.mma.gov.br/v1/estacao/por-ids?ids=136513
2025-07-05 10:37:01,521 - INFO - Dados para 'areias_ii' salvos com 24 registros.
2025-07-05 10:37:02,528 - INFO - Processando estação: 136613 | URL: https://monitorar-backend.mma.gov.br/v1/estacao/por-ids?ids=136613
2025-07-05 10:37:03,932 - INFO - Dados para 'botelho' salvos com 88 registros.
2025-07-05 10:37:04,942 - INFO - ===== COLETA DE DADOS FINALIZADA =====
2025-07-05 10:47:40,378 - INFO - ===== INICIANDO NOVA COLETA DE DADOS =====
2025-07-05 10:47:40,378 - INFO - Encontradas 15 estações para a Bahia.
2025-07-05 10:47:40,378 - INFO - Pasta de saída definida como: dados/2025-07-05
2025-07-05 10:47:40,378 - INFO - Processando estação: 142553 | URL: https://monitorar-backend.mma.gov.br/v1/estacao/por-ids?ids=142553
2025-07-05 10:47:41,190 - INFO - Dados para 'malemba' salvos com 83 registros.
2025-07-05 10:48:12,083 - INFO - ===== INICIANDO NOVA COLETA DE DADOS =====
2025-07-05 10:48:12,083 - INFO - Encontradas 15 estações para a Bahia.
2025-07-05 10:48:12,083 - INFO - Pasta de saída definida como: dados/2025-07-05
2025-07-05 10:48:12,083 - INFO - Processando estação: 142553 | URL: https://monitorar-backend.mma.gov.br/v1/estacao/por-ids?ids=142553
2025-07-05 10:48:12,880 - INFO - Dados para 'malemba' salvos com 83 registros.
2025-07-05 10:48:15,919 - INFO - Processando estação: 182 | URL: https://monitorar-backend.mma.gov.br/v1/estacao/por-ids?ids=182
2025-07-05 10:48:16,399 - INFO - Dados para 'areias' salvos com 24 registros.
2025-07-05 10:48:18,483 - INFO - Processando estação: 136633 | URL: https://monitorar-backend.mma.gov.br/v1/estacao/por-ids?ids=136633
2025-07-05 10:48:20,014 - INFO - Dados para 'gamboa' salvos com 112 registros.
2025-07-05 10:48:22,755 - INFO - Processando estação: 188 | URL: https://monitorar-backend.mma.gov.br/v1/estacao/por-ids?ids=188
2025-07-05 10:48:25,003 - INFO - Dados para 'leandrinho' salvos com 96 registros.
2025-07-05 10:48:28,199 - INFO - Processando estação: 187 | URL: https://monitorar-backend.mma.gov.br/v1/estacao/por-ids?ids=187
2025-07-05 10:48:32,380 - INFO - Dados para 'gravatá' salvos com 96 registros.
2025-07-05 10:48:34,064 - INFO - Processando estação: 190 | URL: https://monitorar-backend.mma.gov.br/v1/estacao/por-ids?ids=190
2025-07-05 10:48:35,723 - INFO - Dados para 'cobre' salvos com 24 registros.
2025-07-05 10:48:37,861 - INFO - Processando estação: 184 | URL: https://monitorar-backend.mma.gov.br/v1/estacao/por-ids?ids=184
2025-07-05 10:48:41,710 - INFO - Dados para 'machadinho' salvos com 120 registros.
2025-07-05 10:48:44,276 - INFO - Processando estação: 136634 | URL: https://monitorar-backend.mma.gov.br/v1/estacao/por-ids?ids=136634
2025-07-05 10:48:45,704 - INFO - Dados para 'caboto' salvos com 112 registros.
2025-07-05 10:48:47,996 - INFO - Processando estação: 186 | URL: https://monitorar-backend.mma.gov.br/v1/estacao/por-ids?ids=186
2025-07-05 10:48:49,993 - INFO - Dados para 'futurama_i' salvos com 24 registros.
2025-07-05 10:48:53,412 - INFO - Processando estação: 189 | URL: https://monitorar-backend.mma.gov.br/v1/estacao/por-ids?ids=189
2025-07-05 10:48:57,146 - INFO - Dados para 'lamarao' salvos com 72 registros.
2025-07-05 10:48:59,822 - INFO - Processando estação: 183 | URL: https://monitorar-backend.mma.gov.br/v1/estacao/por-ids?ids=183
2025-07-05 10:49:02,504 - INFO - Dados para 'concordia' salvos com 72 registros.
2025-07-05 10:49:05,746 - INFO - Processando estação: 185 | URL: https://monitorar-backend.mma.gov.br/v1/estacao/por-ids?ids=185
2025-07-05 10:49:08,260 - INFO - Dados para 'câmara' salvos com 72 registros.
2025-07-05 10:49:11,444 - INFO - Processando estação: 181 | URL: https://monitorar-backend.mma.gov.br/v1/estacao/por-ids?ids=181
2025-07-05 10:49:15,398 - INFO - Dados para 'escola' salvos com 72 registros.
2025-07-05 10:49:17,271 - INFO - Processando estação: 136513 | URL: https://monitorar-backend.mma.gov.br/v1/estacao/por-ids?ids=136513
2025-07-05 10:49:19,823 - INFO - Dados para 'areias_ii' salvos com 24 registros.
2025-07-05 10:49:23,232 - INFO - Processando estação: 136613 | URL: https://monitorar-backend.mma.gov.br/v1/estacao/por-ids?ids=136613
2025-07-05 10:49:24,552 - INFO - Dados para 'botelho' salvos com 88 registros.
2025-07-05 10:49:26,472 - INFO - ===== COLETA DE DADOS FINALIZADA =====
2025-07-07 15:57:07,801 - INFO - ===== INICIANDO NOVA COLETA DE DADOS GERAL =====
2025-07-07 15:57:07,801 - INFO - Coleta configurada para as UFs: ['BA', 'PE']
2025-07-07 15:57:07,816 - INFO - --- Processando estado: BA (ID: 29) ---
2025-07-07 15:57:07,816 - INFO - Encontradas 15 estações para BA.
2025-07-07 15:57:07,816 - INFO - Pasta de saída definida como: dados/BA/2025-07-07
2025-07-07 15:57:07,816 - INFO - Processando estação: 142553 | URL: https://monitorar-backend.mma.gov.br/v1/estacao/por-ids?ids=142553
2025-07-07 15:57:08,576 - INFO - Dados para 'malemba' salvos com 48 registros.
2025-07-07 15:57:08,576 - INFO - Aguardando 2.00 segundos...
2025-07-07 15:57:10,575 - INFO - Processando estação: 182 | URL: https://monitorar-backend.mma.gov.br/v1/estacao/por-ids?ids=182
2025-07-07 15:57:11,073 - INFO - Dados para 'areias' salvos com 24 registros.
2025-07-07 15:57:11,074 - INFO - Aguardando 1.55 segundos...
2025-07-07 15:57:12,623 - INFO - Processando estação: 136633 | URL: https://monitorar-backend.mma.gov.br/v1/estacao/por-ids?ids=136633
2025-07-07 15:57:14,535 - INFO - Dados para 'gamboa' salvos com 120 registros.
2025-07-07 15:57:14,535 - INFO - Aguardando 3.19 segundos...
2025-07-07 15:57:17,731 - INFO - Processando estação: 188 | URL: https://monitorar-backend.mma.gov.br/v1/estacao/por-ids?ids=188
2025-07-07 15:57:20,825 - INFO - Dados para 'leandrinho' salvos com 96 registros.
2025-07-07 15:57:20,825 - INFO - Aguardando 3.34 segundos...
2025-07-07 15:57:24,172 - INFO - Processando estação: 187 | URL: https://monitorar-backend.mma.gov.br/v1/estacao/por-ids?ids=187
2025-07-07 15:57:30,115 - INFO - Dados para 'gravatá' salvos com 96 registros.
2025-07-07 15:57:30,115 - INFO - Aguardando 2.35 segundos...
2025-07-07 15:57:32,477 - INFO - Processando estação: 190 | URL: https://monitorar-backend.mma.gov.br/v1/estacao/por-ids?ids=190
2025-07-07 15:57:35,418 - INFO - Dados para 'cobre' salvos com 24 registros.
2025-07-07 15:57:35,418 - INFO - Aguardando 3.47 segundos...
2025-07-07 15:57:38,891 - INFO - Processando estação: 184 | URL: https://monitorar-backend.mma.gov.br/v1/estacao/por-ids?ids=184
2025-07-07 15:57:44,543 - INFO - Dados para 'machadinho' salvos com 120 registros.
2025-07-07 15:57:44,543 - INFO - Aguardando 2.26 segundos...
2025-07-07 15:57:46,802 - INFO - Processando estação: 136634 | URL: https://monitorar-backend.mma.gov.br/v1/estacao/por-ids?ids=136634
2025-07-07 15:57:48,179 - INFO - Dados para 'caboto' salvos com 120 registros.
2025-07-07 15:57:48,179 - INFO - Aguardando 1.87 segundos...
2025-07-07 15:57:50,049 - INFO - Processando estação: 186 | URL: https://monitorar-backend.mma.gov.br/v1/estacao/por-ids?ids=186
2025-07-07 15:57:51,984 - INFO - Dados para 'futurama_i' salvos com 24 registros.
2025-07-07 15:57:51,984 - INFO - Aguardando 1.78 segundos...
2025-07-07 15:57:53,773 - INFO - Processando estação: 189 | URL: https://monitorar-backend.mma.gov.br/v1/estacao/por-ids?ids=189
2025-07-07 15:57:59,216 - INFO - Dados para 'lamarao' salvos com 72 registros.
2025-07-07 15:57:59,216 - INFO - Aguardando 3.46 segundos...
2025-07-07 15:58:02,684 - INFO - Processando estação: 183 | URL: https://monitorar-backend.mma.gov.br/v1/estacao/por-ids?ids=183
2025-07-07 15:58:05,388 - INFO - Dados para 'concordia' salvos com 72 registros.
2025-07-07 15:58:05,388 - INFO - Aguardando 1.99 segundos...
2025-07-07 15:58:07,384 - INFO - Processando estação: 185 | URL: https://monitorar-backend.mma.gov.br/v1/estacao/por-ids?ids=185
2025-07-07 15:58:10,169 - INFO - Dados para 'câmara' salvos com 72 registros.
2025-07-07 15:58:10,169 - INFO - Aguardando 3.44 segundos...
2025-07-07 15:58:13,623 - INFO - Processando estação: 181 | URL: https://monitorar-backend.mma.gov.br/v1/estacao/por-ids?ids=181
2025-07-07 15:58:17,513 - INFO - Dados para 'escola' salvos com 72 registros.
2025-07-07 15:58:17,513 - INFO - Aguardando 3.05 segundos...
2025-07-07 15:58:20,574 - INFO - Processando estação: 136513 | URL: https://monitorar-backend.mma.gov.br/v1/estacao/por-ids?ids=136513
2025-07-07 15:58:23,064 - INFO - Dados para 'areias_ii' salvos com 24 registros.
2025-07-07 15:58:23,064 - INFO - Aguardando 2.77 segundos...
2025-07-07 15:58:25,839 - INFO - Processando estação: 136613 | URL: https://monitorar-backend.mma.gov.br/v1/estacao/por-ids?ids=136613
2025-07-07 15:58:27,298 - INFO - Dados para 'botelho' salvos com 80 registros.
2025-07-07 15:58:27,298 - INFO - Aguardando 1.88 segundos...
2025-07-07 15:58:29,184 - INFO - --- Processando estado: PE (ID: 26) ---
2025-07-07 15:58:29,184 - INFO - Encontradas 4 estações para PE.
2025-07-07 15:58:29,184 - INFO - Pasta de saída definida como: dados/PE/2025-07-07
2025-07-07 15:58:29,184 - INFO - Processando estação: 136674 | URL: https://monitorar-backend.mma.gov.br/v1/estacao/por-ids?ids=136674
2025-07-07 15:58:30,455 - INFO - Dados para 'edcupe' salvos com 39 registros.
2025-07-07 15:58:30,455 - INFO - Aguardando 2.34 segundos...
2025-07-07 15:58:32,805 - INFO - Processando estação: 136675 | URL: https://monitorar-backend.mma.gov.br/v1/estacao/por-ids?ids=136675
2025-07-07 15:58:33,920 - INFO - Dados para 'ifpe' salvos com 97 registros.
2025-07-07 15:58:33,920 - INFO - Aguardando 2.28 segundos...
2025-07-07 15:58:36,201 - INFO - Processando estação: 136676 | URL: https://monitorar-backend.mma.gov.br/v1/estacao/por-ids?ids=136676
2025-07-07 15:58:37,451 - INFO - Dados para 'cprh' salvos com 24 registros.
2025-07-07 15:58:37,451 - INFO - Aguardando 3.48 segundos...
2025-07-07 15:58:40,935 - INFO - Processando estação: 136673 | URL: https://monitorar-backend.mma.gov.br/v1/estacao/por-ids?ids=136673
2025-07-07 15:58:41,751 - INFO - Dados para 'ipojuca' salvos com 120 registros.
2025-07-07 15:58:41,751 - INFO - Aguardando 2.14 segundos...
2025-07-07 15:58:43,899 - INFO - ===== COLETA DE DADOS GERAL FINALIZADA =====
2025-07-07 16:47:47,206 - INFO - ===== INICIANDO NOVA COLETA DE DADOS GERAL =====
2025-07-07 16:47:47,206 - INFO - Coleta configurada para as UFs: ['PA', 'MA', 'PE', 'BA', 'ES', 'DF', 'MG', 'SP', 'RJ', 'SC', 'RS', 'PR', 'MS']
2025-07-07 16:47:47,207 - INFO - --- Processando estado: PA (ID: 15) ---
2025-07-07 16:47:47,207 - INFO - Encontradas 3 estações para PA.
2025-07-07 16:47:47,207 - INFO - Pasta de saída definida como: dados/PA/2025-07-07
2025-07-07 16:47:47,207 - INFO - Processando estação: 136493 | URL: https://monitorar-backend.mma.gov.br/v1/estacao/por-ids?ids=136493
2025-07-07 16:47:48,168 - INFO - Dados para 'estação_rfs11d' salvos com 48 registros.
2025-07-07 16:47:48,168 - INFO - Aguardando 2.59 segundos...
2025-07-07 16:47:50,762 - INFO - Processando estação: 136533 | URL: https://monitorar-backend.mma.gov.br/v1/estacao/por-ids?ids=136533
2025-07-07 16:47:51,411 - INFO - Dados para 'estação_aqm195_minerasul' salvos com 128 registros.
2025-07-07 16:47:51,411 - INFO - Aguardando 3.04 segundos...
2025-07-07 16:47:54,449 - INFO - Processando estação: 136453 | URL: https://monitorar-backend.mma.gov.br/v1/estacao/por-ids?ids=136453
2025-07-07 16:47:55,400 - INFO - Dados para 'estação_comunidade_vila_de_bom_jesus' salvos com 129 registros.
2025-07-07 16:47:55,400 - INFO - Aguardando 3.51 segundos...
2025-07-07 16:47:58,912 - INFO - --- Processando estado: MA (ID: 13) ---
2025-07-07 16:47:58,912 - WARNING - Nenhuma estação encontrada para a UF 'MA' no arquivo 'estacoes.json'. Pulando para o próximo estado.
2025-07-07 16:47:58,912 - INFO - --- Processando estado: PE (ID: 26) ---
2025-07-07 16:47:58,912 - INFO - Encontradas 4 estações para PE.
2025-07-07 16:47:58,912 - INFO - Pasta de saída definida como: dados/PE/2025-07-07
2025-07-07 16:47:58,912 - INFO - Processando estação: 136674 | URL: https://monitorar-backend.mma.gov.br/v1/estacao/por-ids?ids=136674
2025-07-07 16:47:59,874 - INFO - Dados para 'edcupe' salvos com 39 registros.
2025-07-07 16:47:59,874 - INFO - Aguardando 2.64 segundos...
2025-07-07 16:48:02,531 - INFO - Processando estação: 136675 | URL: https://monitorar-backend.mma.gov.br/v1/estacao/por-ids?ids=136675
2025-07-07 16:48:03,510 - INFO - Dados para 'ifpe' salvos com 97 registros.
2025-07-07 16:48:03,510 - INFO - Aguardando 4.26 segundos...
2025-07-07 16:48:07,773 - INFO - Processando estação: 136676 | URL: https://monitorar-backend.mma.gov.br/v1/estacao/por-ids?ids=136676
2025-07-07 16:48:08,379 - INFO - Dados para 'cprh' salvos com 24 registros.
2025-07-07 16:48:08,379 - INFO - Aguardando 3.48 segundos...
2025-07-07 16:48:11,870 - INFO - Processando estação: 136673 | URL: https://monitorar-backend.mma.gov.br/v1/estacao/por-ids?ids=136673
2025-07-07 16:48:13,681 - INFO - Dados para 'ipojuca' salvos com 120 registros.
2025-07-07 16:48:13,681 - INFO - Aguardando 2.70 segundos...
2025-07-07 16:48:16,390 - INFO - --- Processando estado: BA (ID: 29) ---
2025-07-07 16:48:16,390 - INFO - Encontradas 15 estações para BA.
2025-07-07 16:48:16,390 - INFO - Pasta de saída definida como: dados/BA/2025-07-07
2025-07-07 16:48:16,390 - INFO - Processando estação: 142553 | URL: https://monitorar-backend.mma.gov.br/v1/estacao/por-ids?ids=142553
2025-07-07 16:48:17,682 - INFO - Dados para 'malemba' salvos com 48 registros.
2025-07-07 16:48:17,682 - INFO - Aguardando 3.17 segundos...
2025-07-07 16:48:20,851 - INFO - Processando estação: 182 | URL: https://monitorar-backend.mma.gov.br/v1/estacao/por-ids?ids=182
2025-07-07 16:48:21,401 - INFO - Dados para 'areias' salvos com 24 registros.
2025-07-07 16:48:21,401 - INFO - Aguardando 4.49 segundos...
2025-07-07 16:48:25,907 - INFO - Processando estação: 136633 | URL: https://monitorar-backend.mma.gov.br/v1/estacao/por-ids?ids=136633
2025-07-07 16:48:27,358 - INFO - Dados para 'gamboa' salvos com 120 registros.
2025-07-07 16:48:27,358 - INFO - Aguardando 2.58 segundos...
2025-07-07 16:48:29,943 - INFO - Processando estação: 188 | URL: https://monitorar-backend.mma.gov.br/v1/estacao/por-ids?ids=188
2025-07-07 16:48:33,557 - INFO - Dados para 'leandrinho' salvos com 96 registros.
2025-07-07 16:48:33,557 - INFO - Aguardando 4.49 segundos...
2025-07-07 16:48:38,059 - INFO - Processando estação: 187 | URL: https://monitorar-backend.mma.gov.br/v1/estacao/por-ids?ids=187
2025-07-07 16:48:44,737 - INFO - Dados para 'gravatá' salvos com 96 registros.
2025-07-07 16:48:44,737 - INFO - Aguardando 4.54 segundos...
2025-07-07 16:48:49,274 - INFO - Processando estação: 190 | URL: https://monitorar-backend.mma.gov.br/v1/estacao/por-ids?ids=190
2025-07-07 16:48:52,391 - INFO - Dados para 'cobre' salvos com 24 registros.
2025-07-07 16:48:52,391 - INFO - Aguardando 3.43 segundos...
2025-07-07 16:48:55,826 - INFO - Processando estação: 184 | URL: https://monitorar-backend.mma.gov.br/v1/estacao/por-ids?ids=184
2025-07-07 16:49:00,526 - INFO - Dados para 'machadinho' salvos com 120 registros.
2025-07-07 16:49:00,526 - INFO - Aguardando 2.70 segundos...
2025-07-07 16:49:03,228 - INFO - Processando estação: 136634 | URL: https://monitorar-backend.mma.gov.br/v1/estacao/por-ids?ids=136634
2025-07-07 16:49:04,403 - INFO - Dados para 'caboto' salvos com 120 registros.
2025-07-07 16:49:04,403 - INFO - Aguardando 2.88 segundos...
2025-07-07 16:49:07,282 - INFO - Processando estação: 186 | URL: https://monitorar-backend.mma.gov.br/v1/estacao/por-ids?ids=186
2025-07-07 16:49:09,155 - INFO - Dados para 'futurama_i' salvos com 24 registros.
2025-07-07 16:49:09,155 - INFO - Aguardando 5.37 segundos...
2025-07-07 16:49:14,536 - INFO - Processando estação: 189 | URL: https://monitorar-backend.mma.gov.br/v1/estacao/por-ids?ids=189
2025-07-07 16:49:18,636 - INFO - Dados para 'lamarao' salvos com 72 registros.
2025-07-07 16:49:18,636 - INFO - Aguardando 3.67 segundos...
2025-07-07 16:49:22,313 - INFO - Processando estação: 183 | URL: https://monitorar-backend.mma.gov.br/v1/estacao/por-ids?ids=183
2025-07-07 16:49:24,709 - INFO - Dados para 'concordia' salvos com 72 registros.
2025-07-07 16:49:24,709 - INFO - Aguardando 4.44 segundos...
2025-07-07 16:49:29,147 - INFO - Processando estação: 185 | URL: https://monitorar-backend.mma.gov.br/v1/estacao/por-ids?ids=185
2025-07-07 16:49:31,747 - INFO - Dados para 'câmara' salvos com 72 registros.
2025-07-07 16:49:31,747 - INFO - Aguardando 3.96 segundos...
2025-07-07 16:49:35,710 - INFO - Processando estação: 181 | URL: https://monitorar-backend.mma.gov.br/v1/estacao/por-ids?ids=181
2025-07-07 16:49:39,557 - INFO - Dados para 'escola' salvos com 72 registros.
2025-07-07 16:49:39,557 - INFO - Aguardando 4.64 segundos...
2025-07-07 16:49:44,200 - INFO - Processando estação: 136513 | URL: https://monitorar-backend.mma.gov.br/v1/estacao/por-ids?ids=136513
2025-07-07 16:49:46,794 - INFO - Dados para 'areias_ii' salvos com 24 registros.
2025-07-07 16:49:46,794 - INFO - Aguardando 4.93 segundos...
2025-07-07 16:49:51,722 - INFO - Processando estação: 136613 | URL: https://monitorar-backend.mma.gov.br/v1/estacao/por-ids?ids=136613
2025-07-07 16:49:52,858 - INFO - Dados para 'botelho' salvos com 80 registros.
2025-07-07 16:49:52,858 - INFO - Aguardando 3.31 segundos...
2025-07-07 16:49:56,175 - INFO - --- Processando estado: ES (ID: 32) ---
2025-07-07 16:49:56,175 - INFO - Encontradas 1 estações para ES.
2025-07-07 16:49:56,175 - INFO - Pasta de saída definida como: dados/ES/2025-07-07
2025-07-07 16:49:56,175 - INFO - Processando estação: 27 | URL: https://monitorar-backend.mma.gov.br/v1/estacao/por-ids?ids=27
2025-07-07 16:49:56,709 - INFO - Dados para 'ramqar_7_-_vila_velha__-_centro' salvos com 24 registros.
2025-07-07 16:49:56,709 - INFO - Aguardando 5.30 segundos...
2025-07-07 16:50:02,009 - INFO - --- Processando estado: DF (ID: 53) ---
2025-07-07 16:50:02,009 - INFO - Encontradas 2 estações para DF.
2025-07-07 16:50:02,009 - INFO - Pasta de saída definida como: dados/DF/2025-07-07
2025-07-07 16:50:02,009 - INFO - Processando estação: 139853 | URL: https://monitorar-backend.mma.gov.br/v1/estacao/por-ids?ids=139853
2025-07-07 16:50:02,907 - INFO - Dados para 'estação_cras_fercal' salvos com 95 registros.
2025-07-07 16:50:02,907 - INFO - Aguardando 3.32 segundos...
2025-07-07 16:50:06,241 - INFO - Processando estação: 139854 | URL: https://monitorar-backend.mma.gov.br/v1/estacao/por-ids?ids=139854
2025-07-07 16:50:06,918 - INFO - Dados para 'estação_escola' salvos com 24 registros.
2025-07-07 16:50:06,918 - INFO - Aguardando 5.26 segundos...
2025-07-07 16:50:12,188 - INFO - --- Processando estado: MG (ID: 31) ---
2025-07-07 16:50:12,188 - INFO - Encontradas 52 estações para MG.
2025-07-07 16:50:12,188 - INFO - Pasta de saída definida como: dados/MG/2025-07-07
2025-07-07 16:50:12,188 - INFO - Processando estação: 103 | URL: https://monitorar-backend.mma.gov.br/v1/estacao/por-ids?ids=103
2025-07-07 16:50:13,391 - INFO - Dados para '_comunidade_do_feijão' salvos com 47 registros.
2025-07-07 16:50:13,391 - INFO - Aguardando 3.23 segundos...
2025-07-07 16:50:16,624 - INFO - Processando estação: 10521 | URL: https://monitorar-backend.mma.gov.br/v1/estacao/por-ids?ids=10521
2025-07-07 16:50:17,409 - INFO - Dados para 'filhinha_gama' salvos com 24 registros.
2025-07-07 16:50:17,409 - INFO - Aguardando 5.44 segundos...
2025-07-07 16:50:22,855 - INFO - Processando estação: 94 | URL: https://monitorar-backend.mma.gov.br/v1/estacao/por-ids?ids=94
2025-07-07 16:56:45,353 - INFO - ===== INICIANDO NOVA COLETA DE DADOS GERAL =====
2025-07-07 16:56:45,353 - INFO - Coleta configurada para as UFs: ['MG', 'SP', 'RJ', 'SC', 'RS', 'PR', 'MS']
2025-07-07 16:56:45,353 - INFO - --- Processando estado: MG (ID: 31) ---
2025-07-07 16:56:45,353 - INFO - Encontradas 52 estações para MG.
2025-07-07 16:56:45,353 - INFO - Pasta de saída definida como: dados/MG/2025-07-07
2025-07-07 16:56:45,353 - INFO - Processando estação: 103 | URL: https://monitorar-backend.mma.gov.br/v1/estacao/por-ids?ids=103
2025-07-07 16:56:46,673 - INFO - Dados para '_comunidade_do_feijão' salvos com 47 registros.
2025-07-07 16:56:46,674 - INFO - Aguardando 2.61 segundos...
2025-07-07 16:56:49,289 - INFO - Processando estação: 10521 | URL: https://monitorar-backend.mma.gov.br/v1/estacao/por-ids?ids=10521
2025-07-07 16:56:50,420 - INFO - Dados para 'filhinha_gama' salvos com 24 registros.
2025-07-07 16:56:50,421 - INFO - Aguardando 2.56 segundos...
2025-07-07 16:56:52,977 - INFO - Processando estação: 94 | URL: https://monitorar-backend.mma.gov.br/v1/estacao/por-ids?ids=94
2025-07-07 16:57:41,213 - INFO - ===== INICIANDO NOVA COLETA DE DADOS GERAL =====
2025-07-07 16:57:41,213 - INFO - Coleta configurada para as UFs: ['SP', 'RJ', 'SC', 'RS', 'PR', 'MS']
2025-07-07 16:57:41,213 - INFO - --- Processando estado: SP (ID: 35) ---
2025-07-07 16:57:41,213 - INFO - Encontradas 61 estações para SP.
2025-07-07 16:57:41,213 - INFO - Pasta de saída definida como: dados/SP/2025-07-07
2025-07-07 16:57:41,213 - INFO - Processando estação: 201 | URL: https://monitorar-backend.mma.gov.br/v1/estacao/por-ids?ids=201
2025-07-07 16:57:42,672 - INFO - Dados para 's.bernardo-paulicéia' salvos com 24 registros.
2025-07-07 16:57:42,672 - INFO - Aguardando 4.62 segundos...
2025-07-07 16:57:47,291 - INFO - Processando estação: 135 | URL: https://monitorar-backend.mma.gov.br/v1/estacao/por-ids?ids=135
2025-07-07 16:57:49,105 - INFO - Dados para 'cid.universitária-usp-ipen' salvos com 24 registros.
2025-07-07 16:57:49,105 - INFO - Aguardando 4.76 segundos...
2025-07-07 16:57:53,872 - INFO - Processando estação: 138 | URL: https://monitorar-backend.mma.gov.br/v1/estacao/por-ids?ids=138
2025-07-07 16:57:55,854 - INFO - Dados para 'pinheiros' salvos com 24 registros.
2025-07-07 16:57:55,854 - INFO - Aguardando 4.00 segundos...
2025-07-07 16:57:59,855 - INFO - Processando estação: 129 | URL: https://monitorar-backend.mma.gov.br/v1/estacao/por-ids?ids=129
2025-07-07 16:58:01,623 - INFO - Dados para 'são_caetano_do_sul' salvos com 24 registros.
2025-07-07 16:58:01,624 - INFO - Aguardando 3.83 segundos...
2025-07-07 16:58:05,456 - INFO - Processando estação: 139 | URL: https://monitorar-backend.mma.gov.br/v1/estacao/por-ids?ids=139
2025-07-07 16:58:07,484 - INFO - Dados para 's.andré-capuava' salvos com 24 registros.
2025-07-07 16:58:07,485 - INFO - Aguardando 4.89 segundos...
2025-07-07 16:58:12,378 - INFO - Processando estação: 141 | URL: https://monitorar-backend.mma.gov.br/v1/estacao/por-ids?ids=141
2025-07-07 16:58:14,559 - INFO - Dados para 'araraquara' salvos com 24 registros.
2025-07-07 16:58:14,559 - INFO - Aguardando 4.50 segundos...
2025-07-07 16:58:19,069 - INFO - Processando estação: 321 | URL: https://monitorar-backend.mma.gov.br/v1/estacao/por-ids?ids=321
2025-07-07 16:58:21,151 - INFO - Dados para 'santos' salvos com 24 registros.
2025-07-07 16:58:21,151 - INFO - Aguardando 4.83 segundos...
2025-07-07 16:58:25,981 - INFO - Processando estação: 175 | URL: https://monitorar-backend.mma.gov.br/v1/estacao/por-ids?ids=175
2025-07-07 16:58:27,884 - INFO - Dados para 'paulínia-sta_terezinha' salvos com 24 registros.
2025-07-07 16:58:27,884 - INFO - Aguardando 4.61 segundos...
2025-07-07 16:58:32,499 - INFO - Processando estação: 155 | URL: https://monitorar-backend.mma.gov.br/v1/estacao/por-ids?ids=155
2025-07-07 16:58:34,325 - INFO - Dados para 'jacareí' salvos com 24 registros.
2025-07-07 16:58:34,325 - INFO - Aguardando 2.93 segundos...
2025-07-07 16:58:37,261 - INFO - Processando estação: 131 | URL: https://monitorar-backend.mma.gov.br/v1/estacao/por-ids?ids=131
2025-07-07 16:58:39,320 - INFO - Dados para 's.josé_campos' salvos com 24 registros.
2025-07-07 16:58:39,320 - INFO - Aguardando 3.77 segundos...
2025-07-07 16:58:43,090 - INFO - Processando estação: 132 | URL: https://monitorar-backend.mma.gov.br/v1/estacao/por-ids?ids=132
2025-07-07 16:58:45,198 - INFO - Dados para 'campinas-centro' salvos com 24 registros.
2025-07-07 16:58:45,198 - INFO - Aguardando 3.32 segundos...
2025-07-07 16:58:48,532 - INFO - Processando estação: 133 | URL: https://monitorar-backend.mma.gov.br/v1/estacao/por-ids?ids=133
2025-07-07 16:58:50,448 - INFO - Dados para 'cerqueira_césar' salvos com 24 registros.
2025-07-07 16:58:50,448 - INFO - Aguardando 5.06 segundos...
2025-07-07 16:58:55,515 - INFO - Processando estação: 134 | URL: https://monitorar-backend.mma.gov.br/v1/estacao/por-ids?ids=134
2025-07-07 16:58:57,323 - INFO - Dados para 'diadema' salvos com 24 registros.
2025-07-07 16:58:57,339 - INFO - Aguardando 4.87 segundos...
2025-07-07 16:59:02,205 - INFO - Processando estação: 136 | URL: https://monitorar-backend.mma.gov.br/v1/estacao/por-ids?ids=136
2025-07-07 16:59:04,208 - INFO - Dados para 'n.senhora_do_ó' salvos com 24 registros.
2025-07-07 16:59:04,208 - INFO - Aguardando 2.90 segundos...
2025-07-07 16:59:07,111 - INFO - Processando estação: 221 | URL: https://monitorar-backend.mma.gov.br/v1/estacao/por-ids?ids=221
2025-07-07 16:59:09,095 - INFO - Dados para 'itaquera' salvos com 24 registros.
2025-07-07 16:59:09,095 - INFO - Aguardando 5.16 segundos...
2025-07-07 16:59:14,255 - INFO - Processando estação: 137 | URL: https://monitorar-backend.mma.gov.br/v1/estacao/por-ids?ids=137
2025-07-07 16:59:16,526 - INFO - Dados para 'grajaú-parelheiros' salvos com 24 registros.
2025-07-07 16:59:16,526 - INFO - Aguardando 4.72 segundos...
2025-07-07 16:59:21,257 - INFO - Processando estação: 126 | URL: https://monitorar-backend.mma.gov.br/v1/estacao/por-ids?ids=126
2025-07-07 16:59:23,355 - INFO - Dados para 'congonhas' salvos com 24 registros.
2025-07-07 16:59:23,355 - INFO - Aguardando 3.14 segundos...
2025-07-07 16:59:26,499 - INFO - Processando estação: 162 | URL: https://monitorar-backend.mma.gov.br/v1/estacao/por-ids?ids=162
2025-07-07 16:59:28,762 - INFO - Dados para 'marg.tietê-pte_remédios' salvos com 24 registros.
2025-07-07 16:59:28,763 - INFO - Aguardando 4.87 segundos...
2025-07-07 16:59:33,633 - INFO - Processando estação: 163 | URL: https://monitorar-backend.mma.gov.br/v1/estacao/por-ids?ids=163
2025-07-07 16:59:35,574 - INFO - Dados para 's.bernardo-centro' salvos com 24 registros.
2025-07-07 16:59:35,574 - INFO - Aguardando 5.00 segundos...
2025-07-07 16:59:40,580 - INFO - Processando estação: 164 | URL: https://monitorar-backend.mma.gov.br/v1/estacao/por-ids?ids=164
2025-07-07 16:59:42,558 - INFO - Dados para 'santa_gertrudes' salvos com 24 registros.
2025-07-07 16:59:42,558 - INFO - Aguardando 5.32 segundos...
2025-07-07 16:59:47,891 - INFO - Processando estação: 165 | URL: https://monitorar-backend.mma.gov.br/v1/estacao/por-ids?ids=165
2025-07-07 16:59:50,240 - INFO - Dados para 'campinas-v.união' salvos com 24 registros.
2025-07-07 16:59:50,240 - INFO - Aguardando 2.99 segundos...
2025-07-07 16:59:53,238 - INFO - Processando estação: 121 | URL: https://monitorar-backend.mma.gov.br/v1/estacao/por-ids?ids=121
2025-07-07 16:59:55,278 - INFO - Dados para 'santana' salvos com 24 registros.
2025-07-07 16:59:55,278 - INFO - Aguardando 5.46 segundos...
2025-07-07 17:00:00,737 - INFO - Processando estação: 123 | URL: https://monitorar-backend.mma.gov.br/v1/estacao/por-ids?ids=123
2025-07-07 17:00:02,910 - INFO - Dados para 'mauá' salvos com 24 registros.
2025-07-07 17:00:02,910 - INFO - Aguardando 2.58 segundos...
2025-07-07 17:00:05,491 - INFO - Processando estação: 124 | URL: https://monitorar-backend.mma.gov.br/v1/estacao/por-ids?ids=124
2025-07-07 17:00:07,543 - INFO - Dados para 'cubatão-v.parisi' salvos com 24 registros.
2025-07-07 17:00:07,543 - INFO - Aguardando 4.55 segundos...
2025-07-07 17:00:12,103 - INFO - Processando estação: 281 | URL: https://monitorar-backend.mma.gov.br/v1/estacao/por-ids?ids=281
2025-07-07 17:00:14,311 - INFO - Dados para 'sorocaba' salvos com 24 registros.
2025-07-07 17:00:14,311 - INFO - Aguardando 4.90 segundos...
2025-07-07 17:00:19,217 - INFO - Processando estação: 125 | URL: https://monitorar-backend.mma.gov.br/v1/estacao/por-ids?ids=125
2025-07-07 17:00:21,085 - INFO - Dados para 'parque_d.pedro_ii' salvos com 24 registros.
2025-07-07 17:00:21,085 - INFO - Aguardando 3.45 segundos...
2025-07-07 17:00:24,547 - INFO - Processando estação: 127 | URL: https://monitorar-backend.mma.gov.br/v1/estacao/por-ids?ids=127
2025-07-07 17:00:26,686 - INFO - Dados para 'ibirapuera' salvos com 24 registros.
2025-07-07 17:00:26,686 - INFO - Aguardando 4.65 segundos...
2025-07-07 17:00:31,348 - INFO - Processando estação: 128 | URL: https://monitorar-backend.mma.gov.br/v1/estacao/por-ids?ids=128
2025-07-07 17:00:33,607 - INFO - Dados para 'mooca' salvos com 24 registros.
2025-07-07 17:00:33,607 - INFO - Aguardando 4.61 segundos...
2025-07-07 17:00:38,221 - INFO - Processando estação: 130 | URL: https://monitorar-backend.mma.gov.br/v1/estacao/por-ids?ids=130
2025-07-07 17:00:39,702 - INFO - Dados para 'cubatão-centro' salvos com 24 registros.
2025-07-07 17:00:39,702 - INFO - Aguardando 3.84 segundos...
2025-07-07 17:00:43,546 - INFO - Processando estação: 140 | URL: https://monitorar-backend.mma.gov.br/v1/estacao/por-ids?ids=140
2025-07-07 17:00:45,291 - INFO - Dados para 'taboão_da_serra' salvos com 24 registros.
2025-07-07 17:00:45,291 - INFO - Aguardando 4.60 segundos...
2025-07-07 17:00:49,900 - INFO - Processando estação: 142 | URL: https://monitorar-backend.mma.gov.br/v1/estacao/por-ids?ids=142
2025-07-07 17:00:52,056 - INFO - Dados para 'araçatuba' salvos com 24 registros.
2025-07-07 17:00:52,056 - INFO - Aguardando 4.55 segundos...
2025-07-07 17:00:56,612 - INFO - Processando estação: 143 | URL: https://monitorar-backend.mma.gov.br/v1/estacao/por-ids?ids=143
2025-07-07 17:00:58,703 - INFO - Dados para 'bauru' salvos com 24 registros.
2025-07-07 17:00:58,703 - INFO - Aguardando 3.40 segundos...
2025-07-07 17:01:02,107 - INFO - Processando estação: 144 | URL: https://monitorar-backend.mma.gov.br/v1/estacao/por-ids?ids=144
2025-07-07 17:01:04,176 - INFO - Dados para 'jundiaí' salvos com 24 registros.
2025-07-07 17:01:04,176 - INFO - Aguardando 3.26 segundos...
2025-07-07 17:01:07,435 - INFO - Processando estação: 145 | URL: https://monitorar-backend.mma.gov.br/v1/estacao/por-ids?ids=145
2025-07-07 17:01:09,272 - INFO - Dados para 'jaú' salvos com 24 registros.
2025-07-07 17:01:09,272 - INFO - Aguardando 3.04 segundos...
2025-07-07 17:01:12,322 - INFO - Processando estação: 146 | URL: https://monitorar-backend.mma.gov.br/v1/estacao/por-ids?ids=146
2025-07-07 17:01:14,444 - INFO - Dados para 'marília' salvos com 24 registros.
2025-07-07 17:01:14,444 - INFO - Aguardando 2.86 segundos...
2025-07-07 17:01:17,320 - INFO - Processando estação: 147 | URL: https://monitorar-backend.mma.gov.br/v1/estacao/por-ids?ids=147
2025-07-07 17:01:19,219 - INFO - Dados para 'piracicaba' salvos com 24 registros.
2025-07-07 17:01:19,219 - INFO - Aguardando 4.90 segundos...
2025-07-07 17:01:24,123 - INFO - Processando estação: 148 | URL: https://monitorar-backend.mma.gov.br/v1/estacao/por-ids?ids=148
2025-07-07 17:01:26,370 - INFO - Dados para 'presidente_prudente' salvos com 24 registros.
2025-07-07 17:01:26,370 - INFO - Aguardando 5.11 segundos...
2025-07-07 17:01:31,483 - INFO - Processando estação: 149 | URL: https://monitorar-backend.mma.gov.br/v1/estacao/por-ids?ids=149
2025-07-07 17:01:33,830 - INFO - Dados para 'são_josé_do_rio_preto' salvos com 24 registros.
2025-07-07 17:01:33,830 - INFO - Aguardando 4.09 segundos...
2025-07-07 17:01:37,922 - INFO - Processando estação: 150 | URL: https://monitorar-backend.mma.gov.br/v1/estacao/por-ids?ids=150
2025-07-07 17:01:40,249 - INFO - Dados para 'paulínia' salvos com 24 registros.
2025-07-07 17:01:40,249 - INFO - Aguardando 3.80 segundos...
2025-07-07 17:01:44,057 - INFO - Processando estação: 151 | URL: https://monitorar-backend.mma.gov.br/v1/estacao/por-ids?ids=151
2025-07-07 17:01:46,140 - INFO - Dados para 'cubatão-vale_do_mogi' salvos com 24 registros.
2025-07-07 17:01:46,140 - INFO - Aguardando 2.59 segundos...
2025-07-07 17:01:48,743 - INFO - Processando estação: 152 | URL: https://monitorar-backend.mma.gov.br/v1/estacao/por-ids?ids=152
2025-07-07 17:01:50,763 - INFO - Dados para 'osasco' salvos com 24 registros.
2025-07-07 17:01:50,763 - INFO - Aguardando 2.56 segundos...
2025-07-07 17:01:53,331 - INFO - Processando estação: 153 | URL: https://monitorar-backend.mma.gov.br/v1/estacao/por-ids?ids=153
2025-07-07 17:01:55,200 - INFO - Dados para 'catanduva' salvos com 24 registros.
2025-07-07 17:01:55,200 - INFO - Aguardando 3.45 segundos...
2025-07-07 17:01:58,654 - INFO - Processando estação: 154 | URL: https://monitorar-backend.mma.gov.br/v1/estacao/por-ids?ids=154
2025-07-07 17:02:00,921 - INFO - Dados para 'tatuí' salvos com 24 registros.
2025-07-07 17:02:00,921 - INFO - Aguardando 2.95 segundos...
2025-07-07 17:02:03,876 - INFO - Processando estação: 156 | URL: https://monitorar-backend.mma.gov.br/v1/estacao/por-ids?ids=156
2025-07-07 17:02:05,623 - INFO - Dados para 'santos-ponta_da_praia' salvos com 24 registros.
2025-07-07 17:02:05,623 - INFO - Aguardando 2.85 segundos...
2025-07-07 17:02:08,490 - INFO - Processando estação: 157 | URL: https://monitorar-backend.mma.gov.br/v1/estacao/por-ids?ids=157
2025-07-07 17:02:10,187 - INFO - Dados para 'interlagos' salvos com 24 registros.
2025-07-07 17:02:10,187 - INFO - Aguardando 5.48 segundos...
2025-07-07 17:02:15,675 - INFO - Processando estação: 158 | URL: https://monitorar-backend.mma.gov.br/v1/estacao/por-ids?ids=158
2025-07-07 17:02:17,423 - INFO - Dados para 'carapicuíba' salvos com 24 registros.
2025-07-07 17:02:17,423 - INFO - Aguardando 4.97 segundos...
2025-07-07 17:02:22,406 - INFO - Processando estação: 159 | URL: https://monitorar-backend.mma.gov.br/v1/estacao/por-ids?ids=159
2025-07-07 17:02:24,106 - INFO - Dados para 'guarulhos-paço_municipal' salvos com 24 registros.
2025-07-07 17:02:24,106 - INFO - Aguardando 4.04 segundos...
2025-07-07 17:02:28,147 - INFO - Processando estação: 160 | URL: https://monitorar-backend.mma.gov.br/v1/estacao/por-ids?ids=160
2025-07-07 17:02:29,843 - INFO - Dados para 'itaim_paulista' salvos com 24 registros.
2025-07-07 17:02:29,843 - INFO - Aguardando 3.81 segundos...
2025-07-07 17:02:33,655 - INFO - Processando estação: 161 | URL: https://monitorar-backend.mma.gov.br/v1/estacao/por-ids?ids=161
2025-07-07 17:02:34,892 - INFO - Dados para 'capão_redondo' salvos com 24 registros.
2025-07-07 17:02:34,892 - INFO - Aguardando 2.81 segundos...
2025-07-07 17:02:37,705 - INFO - Processando estação: 166 | URL: https://monitorar-backend.mma.gov.br/v1/estacao/por-ids?ids=166
2025-07-07 17:02:39,889 - INFO - Dados para 'campinas-taquaral' salvos com 24 registros.
2025-07-07 17:02:39,889 - INFO - Aguardando 3.99 segundos...
2025-07-07 17:02:43,887 - INFO - Processando estação: 167 | URL: https://monitorar-backend.mma.gov.br/v1/estacao/por-ids?ids=167
2025-07-07 17:02:45,635 - INFO - Dados para 's.josé_campos-jd.satelite' salvos com 24 registros.
2025-07-07 17:02:45,635 - INFO - Aguardando 3.69 segundos...
2025-07-07 17:02:49,329 - INFO - Processando estação: 168 | URL: https://monitorar-backend.mma.gov.br/v1/estacao/por-ids?ids=168
2025-07-07 17:02:51,023 - INFO - Dados para 'guarulhos-pimentas' salvos com 24 registros.
2025-07-07 17:02:51,023 - INFO - Aguardando 4.43 segundos...
2025-07-07 17:02:55,462 - INFO - Processando estação: 169 | URL: https://monitorar-backend.mma.gov.br/v1/estacao/por-ids?ids=169
2025-07-07 17:02:57,154 - INFO - Dados para 'taubaté' salvos com 24 registros.
2025-07-07 17:02:57,154 - INFO - Aguardando 5.19 segundos...
2025-07-07 17:03:02,354 - INFO - Processando estação: 170 | URL: https://monitorar-backend.mma.gov.br/v1/estacao/por-ids?ids=170
2025-07-07 17:03:04,112 - INFO - Dados para 'limeira' salvos com 24 registros.
2025-07-07 17:03:04,112 - INFO - Aguardando 5.21 segundos...
2025-07-07 17:03:09,329 - INFO - Processando estação: 172 | URL: https://monitorar-backend.mma.gov.br/v1/estacao/por-ids?ids=172
2025-07-07 17:03:11,000 - INFO - Dados para 'ribeirão_preto' salvos com 24 registros.
2025-07-07 17:03:11,000 - INFO - Aguardando 5.38 segundos...
2025-07-07 17:03:16,380 - INFO - Processando estação: 173 | URL: https://monitorar-backend.mma.gov.br/v1/estacao/por-ids?ids=173
2025-07-07 17:03:17,988 - INFO - Dados para 'guaratinguetá' salvos com 24 registros.
2025-07-07 17:03:17,988 - INFO - Aguardando 2.80 segundos...
2025-07-07 17:03:20,789 - INFO - Processando estação: 174 | URL: https://monitorar-backend.mma.gov.br/v1/estacao/por-ids?ids=174
2025-07-07 17:03:22,477 - INFO - Dados para 'americana' salvos com 24 registros.
2025-07-07 17:03:22,477 - INFO - Aguardando 4.24 segundos...
2025-07-07 17:03:26,718 - INFO - Processando estação: 176 | URL: https://monitorar-backend.mma.gov.br/v1/estacao/por-ids?ids=176
2025-07-07 17:03:28,376 - INFO - Dados para 'rio_claro-jd.guanabara' salvos com 24 registros.
2025-07-07 17:03:28,376 - INFO - Aguardando 3.54 segundos...
2025-07-07 17:03:31,936 - INFO - Processando estação: 241 | URL: https://monitorar-backend.mma.gov.br/v1/estacao/por-ids?ids=241
2025-07-07 17:03:33,295 - INFO - Dados para 'perus' salvos com 24 registros.
2025-07-07 17:03:33,295 - INFO - Aguardando 4.43 segundos...
2025-07-07 17:03:37,727 - INFO - Processando estação: 171 | URL: https://monitorar-backend.mma.gov.br/v1/estacao/por-ids?ids=171
2025-07-07 17:03:39,252 - INFO - Dados para 'pico_do_jaraguá' salvos com 24 registros.
2025-07-07 17:03:39,252 - INFO - Aguardando 4.05 segundos...
2025-07-07 17:03:43,312 - INFO - Processando estação: 122 | URL: https://monitorar-backend.mma.gov.br/v1/estacao/por-ids?ids=122
2025-07-07 17:03:44,910 - INFO - Dados para 'santo_amaro' salvos com 24 registros.
2025-07-07 17:03:44,910 - INFO - Aguardando 3.26 segundos...
2025-07-07 17:03:48,181 - INFO - --- Processando estado: RJ (ID: 33) ---
2025-07-07 17:03:48,181 - INFO - Encontradas 8 estações para RJ.
2025-07-07 17:03:48,181 - INFO - Pasta de saída definida como: dados/RJ/2025-07-07
2025-07-07 17:03:48,181 - INFO - Processando estação: 385 | URL: https://monitorar-backend.mma.gov.br/v1/estacao/por-ids?ids=385
2025-07-07 17:07:27,922 - INFO - ===== INICIANDO NOVA COLETA DE DADOS GERAL =====
2025-07-07 17:07:27,922 - INFO - Coleta configurada para as UFs: ['SC', 'RS', 'PR', 'MS']
2025-07-07 17:07:27,922 - INFO - --- Processando estado: SC (ID: 42) ---
2025-07-07 17:07:27,922 - INFO - Encontradas 4 estações para SC.
2025-07-07 17:07:27,922 - INFO - Pasta de saída definida como: dados/SC/2025-07-07
2025-07-07 17:07:27,922 - INFO - Processando estação: 178065 | URL: https://monitorar-backend.mma.gov.br/v1/estacao/por-ids?ids=178065
2025-07-07 17:07:28,376 - WARNING - Nenhum registro de medição de poluentes encontrado para a estação 'estação_ufsc_florianópolis'.
2025-07-07 17:07:28,376 - INFO - Aguardando 4.17 segundos...
2025-07-07 17:07:32,565 - INFO - Processando estação: 136473 | URL: https://monitorar-backend.mma.gov.br/v1/estacao/por-ids?ids=136473
2025-07-07 17:07:33,797 - INFO - Dados para 'estação_vila_moema' salvos com 119 registros.
2025-07-07 17:07:33,797 - INFO - Aguardando 4.73 segundos...
2025-07-07 17:07:38,533 - INFO - Processando estação: 136475 | URL: https://monitorar-backend.mma.gov.br/v1/estacao/por-ids?ids=136475
2025-07-07 17:07:39,788 - INFO - Dados para 'estação_capivari_de_baixo' salvos com 72 registros.
2025-07-07 17:07:39,788 - INFO - Aguardando 5.12 segundos...
2025-07-07 17:07:44,908 - INFO - Processando estação: 136474 | URL: https://monitorar-backend.mma.gov.br/v1/estacao/por-ids?ids=136474
2025-07-07 17:07:45,954 - INFO - Dados para 'estação_são_bernardo' salvos com 71 registros.
2025-07-07 17:07:45,954 - INFO - Aguardando 4.78 segundos...
2025-07-07 17:07:50,741 - INFO - --- Processando estado: RS (ID: 43) ---
2025-07-07 17:07:50,741 - INFO - Encontradas 8 estações para RS.
2025-07-07 17:07:50,741 - INFO - Pasta de saída definida como: dados/RS/2025-07-07
2025-07-07 17:07:50,741 - INFO - Processando estação: 142573 | URL: https://monitorar-backend.mma.gov.br/v1/estacao/por-ids?ids=142573
2025-07-07 17:07:51,471 - INFO - Dados para 'estação_seival' salvos com 120 registros.
2025-07-07 17:07:51,471 - INFO - Aguardando 3.02 segundos...
2025-07-07 17:07:54,504 - INFO - Processando estação: 42 | URL: https://monitorar-backend.mma.gov.br/v1/estacao/por-ids?ids=42
2025-07-07 17:14:37,770 - INFO - ===== INICIANDO NOVA COLETA DE DADOS GERAL =====
2025-07-07 17:14:37,770 - INFO - Coleta configurada para as UFs: ['RS', 'PR', 'MS']
2025-07-07 17:14:37,770 - INFO - --- Processando estado: RS (ID: 43) ---
2025-07-07 17:14:37,770 - INFO - Encontradas 8 estações para RS.
2025-07-07 17:14:37,770 - INFO - Pasta de saída definida como: dados/RS/2025-07-07
2025-07-07 17:14:37,770 - INFO - Processando estação: 142573 | URL: https://monitorar-backend.mma.gov.br/v1/estacao/por-ids?ids=142573
2025-07-07 17:14:38,573 - INFO - Dados para 'estação_seival' salvos com 120 registros.
2025-07-07 17:14:38,574 - INFO - Aguardando 2.69 segundos...
2025-07-07 17:14:41,269 - INFO - Processando estação: 42 | URL: https://monitorar-backend.mma.gov.br/v1/estacao/por-ids?ids=42
2025-07-07 17:23:10,055 - INFO - ===== INICIANDO NOVA COLETA DE DADOS GERAL =====
2025-07-07 17:23:10,055 - INFO - Coleta configurada para as UFs: ['RS', 'PR', 'MS']
2025-07-07 17:23:10,055 - INFO - --- Processando estado: RS (ID: 43) ---
2025-07-07 17:23:10,055 - INFO - Encontradas 8 estações para RS.
2025-07-07 17:23:10,055 - INFO - Pasta de saída definida como: dados/RS/2025-07-07
2025-07-07 17:23:10,055 - INFO - Processando estação: 142573 | URL: https://monitorar-backend.mma.gov.br/v1/estacao/por-ids?ids=142573
2025-07-07 17:23:10,883 - INFO - Dados para 'estacao_seival' salvos com 120 registros.
2025-07-07 17:23:10,883 - INFO - Aguardando 3.07 segundos...
2025-07-07 17:23:13,961 - INFO - Processando estação: 42 | URL: https://monitorar-backend.mma.gov.br/v1/estacao/por-ids?ids=42
2025-07-07 17:23:14,821 - INFO - Dados para 'gravatai_condominio_jardim_timbauva' salvos com 48 registros.
2025-07-07 17:23:14,821 - INFO - Aguardando 4.73 segundos...
2025-07-07 17:23:19,568 - INFO - Processando estação: 173065 | URL: https://monitorar-backend.mma.gov.br/v1/estacao/por-ids?ids=173065
2025-07-07 17:23:19,998 - INFO - Dados para 'candiota_aeroporto' salvos com 96 registros.
2025-07-07 17:23:19,998 - INFO - Aguardando 2.51 segundos...
2025-07-07 17:23:22,511 - INFO - Processando estação: 41 | URL: https://monitorar-backend.mma.gov.br/v1/estacao/por-ids?ids=41
2025-07-07 17:23:23,671 - INFO - Dados para 'canoas_parque_universitario' salvos com 96 registros.
2025-07-07 17:23:23,671 - INFO - Aguardando 4.41 segundos...
2025-07-07 17:23:28,081 - INFO - Processando estação: 43781 | URL: https://monitorar-backend.mma.gov.br/v1/estacao/por-ids?ids=43781
2025-07-07 17:23:28,789 - INFO - Dados para 'rio_grande_movel' salvos com 120 registros.
2025-07-07 17:23:28,789 - INFO - Aguardando 5.06 segundos...
2025-07-07 17:23:33,862 - INFO - Processando estação: 44 | URL: https://monitorar-backend.mma.gov.br/v1/estacao/por-ids?ids=44
2025-07-07 17:23:34,665 - INFO - Dados para 'triunfo_polo_petroquimico_movel' salvos com 120 registros.
2025-07-07 17:23:34,665 - INFO - Aguardando 2.93 segundos...
2025-07-07 17:23:37,610 - INFO - Processando estação: 43 | URL: https://monitorar-backend.mma.gov.br/v1/estacao/por-ids?ids=43
2025-07-07 17:23:38,883 - INFO - Dados para 'guaiba_parque_35' salvos com 119 registros.
2025-07-07 17:23:38,883 - INFO - Aguardando 4.46 segundos...
2025-07-07 17:23:43,353 - INFO - Processando estação: 261 | URL: https://monitorar-backend.mma.gov.br/v1/estacao/por-ids?ids=261
2025-07-07 17:23:44,418 - INFO - Dados para 'esteio_parque_de_exposicao' salvos com 120 registros.
2025-07-07 17:23:44,418 - INFO - Aguardando 4.92 segundos...
2025-07-07 17:23:49,336 - INFO - --- Processando estado: PR (ID: 41) ---
2025-07-07 17:23:49,336 - INFO - Encontradas 28 estações para PR.
2025-07-07 17:23:49,336 - INFO - Pasta de saída definida como: dados/PR/2025-07-07
2025-07-07 17:23:49,336 - INFO - Processando estação: 136413 | URL: https://monitorar-backend.mma.gov.br/v1/estacao/por-ids?ids=136413
2025-07-07 17:23:50,227 - INFO - Dados para 'cascavel' salvos com 42 registros.
2025-07-07 17:23:50,228 - INFO - Aguardando 4.45 segundos...
2025-07-07 17:23:54,680 - INFO - Processando estação: 143073 | URL: https://monitorar-backend.mma.gov.br/v1/estacao/por-ids?ids=143073
2025-07-07 17:23:55,211 - INFO - Dados para 'francisco_beltrao' salvos com 24 registros.
2025-07-07 17:23:55,211 - INFO - Aguardando 4.67 segundos...
2025-07-07 17:23:59,888 - INFO - Processando estação: 104863 | URL: https://monitorar-backend.mma.gov.br/v1/estacao/por-ids?ids=104863
2025-07-07 17:24:00,543 - INFO - Dados para 'fospar' salvos com 96 registros.
2025-07-07 17:24:00,543 - INFO - Aguardando 5.09 segundos...
2025-07-07 17:24:05,639 - INFO - Processando estação: 139833 | URL: https://monitorar-backend.mma.gov.br/v1/estacao/por-ids?ids=139833
2025-07-07 17:24:06,430 - INFO - Dados para 'gpc_araucaria' salvos com 46 registros.
2025-07-07 17:24:06,430 - INFO - Aguardando 4.69 segundos...
2025-07-07 17:24:11,132 - INFO - Processando estação: 143074 | URL: https://monitorar-backend.mma.gov.br/v1/estacao/por-ids?ids=143074
2025-07-07 17:24:11,742 - INFO - Dados para 'guarapuava' salvos com 22 registros.
2025-07-07 17:24:11,742 - INFO - Aguardando 4.81 segundos...
2025-07-07 17:24:16,572 - INFO - Processando estação: 143075 | URL: https://monitorar-backend.mma.gov.br/v1/estacao/por-ids?ids=143075
2025-07-07 17:24:17,055 - INFO - Dados para 'londrina_uel' salvos com 23 registros.
2025-07-07 17:24:17,055 - INFO - Aguardando 3.39 segundos...
2025-07-07 17:24:20,450 - INFO - Processando estação: 148765 | URL: https://monitorar-backend.mma.gov.br/v1/estacao/por-ids?ids=148765
2025-07-07 17:24:20,878 - INFO - Dados para 'londrina' salvos com 19 registros.
2025-07-07 17:24:20,878 - INFO - Aguardando 3.23 segundos...
2025-07-07 17:24:24,115 - INFO - Processando estação: 178045 | URL: https://monitorar-backend.mma.gov.br/v1/estacao/por-ids?ids=178045
2025-07-07 17:24:24,572 - INFO - Dados para 'mvb' salvos com 70 registros.
2025-07-07 17:24:24,572 - INFO - Aguardando 3.70 segundos...
2025-07-07 17:24:28,279 - INFO - Processando estação: 148746 | URL: https://monitorar-backend.mma.gov.br/v1/estacao/por-ids?ids=148746
2025-07-07 17:24:28,749 - INFO - Dados para 'mva' salvos com 65 registros.
2025-07-07 17:24:28,749 - INFO - Aguardando 4.12 segundos...
2025-07-07 17:24:32,881 - INFO - Processando estação: 177949 | URL: https://monitorar-backend.mma.gov.br/v1/estacao/por-ids?ids=177949
2025-07-07 17:24:33,386 - INFO - Dados para 'uniao_da_vitoria' salvos com 24 registros.
2025-07-07 17:24:33,386 - INFO - Aguardando 5.07 segundos...
2025-07-07 17:24:38,464 - INFO - Processando estação: 177946 | URL: https://monitorar-backend.mma.gov.br/v1/estacao/por-ids?ids=177946
2025-07-07 17:24:39,058 - INFO - Dados para 'defesa_civil_araucaria' salvos com 138 registros.
2025-07-07 17:24:39,074 - INFO - Aguardando 5.31 segundos...
2025-07-07 17:24:44,380 - INFO - Processando estação: 177985 | URL: https://monitorar-backend.mma.gov.br/v1/estacao/por-ids?ids=177985
2025-07-07 17:24:44,968 - INFO - Dados para 'ecoville' salvos com 126 registros.
2025-07-07 17:24:44,968 - INFO - Aguardando 4.69 segundos...
2025-07-07 17:24:49,661 - INFO - Processando estação: 177947 | URL: https://monitorar-backend.mma.gov.br/v1/estacao/por-ids?ids=177947
2025-07-07 17:24:50,255 - INFO - Dados para 'escola_de_saude_publica' salvos com 133 registros.
2025-07-07 17:24:50,255 - INFO - Aguardando 4.96 segundos...
2025-07-07 17:24:55,227 - INFO - Processando estação: 142593 | URL: https://monitorar-backend.mma.gov.br/v1/estacao/por-ids?ids=142593
2025-07-07 17:24:55,789 - INFO - Dados para 'foz_do_iguacu' salvos com 23 registros.
2025-07-07 17:24:55,789 - INFO - Aguardando 5.48 segundos...
2025-07-07 17:25:01,279 - INFO - Processando estação: 178025 | URL: https://monitorar-backend.mma.gov.br/v1/estacao/por-ids?ids=178025
2025-07-07 17:25:01,756 - INFO - Dados para 'estacao_movel_iap' salvos com 20 registros.
2025-07-07 17:25:01,756 - INFO - Aguardando 2.55 segundos...
2025-07-07 17:25:04,318 - INFO - Processando estação: 177948 | URL: https://monitorar-backend.mma.gov.br/v1/estacao/por-ids?ids=177948
2025-07-07 17:25:04,914 - INFO - Dados para 'jardim_das_americas' salvos com 136 registros.
2025-07-07 17:25:04,914 - INFO - Aguardando 5.06 segundos...
2025-07-07 17:25:09,982 - INFO - Processando estação: 143076 | URL: https://monitorar-backend.mma.gov.br/v1/estacao/por-ids?ids=143076
2025-07-07 17:25:10,595 - INFO - Dados para 'maringa_iat' salvos com 23 registros.
2025-07-07 17:25:10,595 - INFO - Aguardando 4.57 segundos...
2025-07-07 17:25:15,168 - INFO - Processando estação: 142533 | URL: https://monitorar-backend.mma.gov.br/v1/estacao/por-ids?ids=142533
2025-07-07 17:25:15,796 - INFO - Dados para 'maringa' salvos com 42 registros.
2025-07-07 17:25:15,796 - INFO - Aguardando 4.28 segundos...
2025-07-07 17:25:20,081 - INFO - Processando estação: 177965 | URL: https://monitorar-backend.mma.gov.br/v1/estacao/por-ids?ids=177965
2025-07-07 17:25:20,744 - INFO - Dados para 'paranagua' salvos com 141 registros.
2025-07-07 17:25:20,744 - INFO - Aguardando 4.15 segundos...
2025-07-07 17:25:24,912 - INFO - Processando estação: 178005 | URL: https://monitorar-backend.mma.gov.br/v1/estacao/por-ids?ids=178005
2025-07-07 17:25:25,403 - INFO - Dados para 'ueg' salvos com 22 registros.
2025-07-07 17:25:25,403 - INFO - Aguardando 3.89 segundos...
2025-07-07 17:25:29,307 - INFO - Processando estação: 177945 | URL: https://monitorar-backend.mma.gov.br/v1/estacao/por-ids?ids=177945
2025-07-07 17:25:29,916 - INFO - Dados para 'boqueirao' salvos com 139 registros.
2025-07-07 17:25:29,916 - INFO - Aguardando 4.38 segundos...
2025-07-07 17:25:34,304 - INFO - Processando estação: 148745 | URL: https://monitorar-backend.mma.gov.br/v1/estacao/por-ids?ids=148745
2025-07-07 17:25:34,915 - INFO - Dados para 'colombo' salvos com 21 registros.
2025-07-07 17:25:34,915 - INFO - Aguardando 4.58 segundos...
2025-07-07 17:25:39,503 - INFO - Processando estação: 126594 | URL: https://monitorar-backend.mma.gov.br/v1/estacao/por-ids?ids=126594
2025-07-07 17:25:40,180 - INFO - Dados para 'csn' salvos com 72 registros.
2025-07-07 17:25:40,180 - INFO - Aguardando 4.49 segundos...
2025-07-07 17:25:44,677 - INFO - Processando estação: 126593 | URL: https://monitorar-backend.mma.gov.br/v1/estacao/por-ids?ids=126593
2025-07-07 17:25:46,149 - INFO - Dados para 'cic' salvos com 95 registros.
2025-07-07 17:25:46,149 - INFO - Aguardando 5.02 segundos...
2025-07-07 17:25:51,183 - INFO - Processando estação: 126595 | URL: https://monitorar-backend.mma.gov.br/v1/estacao/por-ids?ids=126595
2025-07-07 17:25:52,094 - INFO - Dados para 'ponta_grossa' salvos com 88 registros.
2025-07-07 17:25:52,094 - INFO - Aguardando 4.47 segundos...
2025-07-07 17:25:56,562 - INFO - Processando estação: 126596 | URL: https://monitorar-backend.mma.gov.br/v1/estacao/por-ids?ids=126596
2025-07-07 17:25:57,868 - INFO - Dados para 'repar' salvos com 144 registros.
2025-07-07 17:25:57,868 - INFO - Aguardando 4.33 segundos...
2025-07-07 17:26:02,206 - INFO - Processando estação: 126597 | URL: https://monitorar-backend.mma.gov.br/v1/estacao/por-ids?ids=126597
2025-07-07 17:26:03,886 - INFO - Dados para 'petrosix' salvos com 120 registros.
2025-07-07 17:26:03,886 - INFO - Aguardando 4.01 segundos...
2025-07-07 17:26:07,905 - INFO - Processando estação: 136393 | URL: https://monitorar-backend.mma.gov.br/v1/estacao/por-ids?ids=136393
2025-07-07 17:26:09,131 - INFO - Dados para 'ouvidor_pardinho' salvos com 81 registros.
2025-07-07 17:26:09,131 - INFO - Aguardando 3.53 segundos...
2025-07-07 17:26:12,672 - INFO - --- Processando estado: MS (ID: 50) ---
2025-07-07 17:26:12,672 - INFO - Encontradas 4 estações para MS.
2025-07-07 17:26:12,672 - INFO - Pasta de saída definida como: dados/MS/2025-07-07
2025-07-07 17:26:12,672 - INFO - Processando estação: 148805 | URL: https://monitorar-backend.mma.gov.br/v1/estacao/por-ids?ids=148805
2025-07-07 17:26:13,728 - INFO - Dados para 'estacao_de_monitoramento_-_suzano_-_ribas_do_rio_pardo' salvos com 96 registros.
2025-07-07 17:26:13,728 - INFO - Aguardando 3.22 segundos...
2025-07-07 17:26:16,962 - INFO - Processando estação: 341 | URL: https://monitorar-backend.mma.gov.br/v1/estacao/por-ids?ids=341
2025-07-07 17:26:18,375 - INFO - Dados para 'estacao_de_monitoramento_-_eldorado_brasil_celulose_s.a.' salvos com 120 registros.
2025-07-07 17:26:18,375 - INFO - Aguardando 5.28 segundos...
2025-07-07 17:26:23,668 - INFO - Processando estação: 24521 | URL: https://monitorar-backend.mma.gov.br/v1/estacao/por-ids?ids=24521
2025-07-07 17:26:25,101 - INFO - Dados para 'estacao_metereologica_e_qualidade_do_ar_-_petrobras_-_ute' salvos com 44 registros.
2025-07-07 17:26:25,101 - INFO - Aguardando 5.01 segundos...
2025-07-07 17:26:30,118 - INFO - Processando estação: 43801 | URL: https://monitorar-backend.mma.gov.br/v1/estacao/por-ids?ids=43801
2025-07-07 17:26:32,948 - INFO - Dados para 'estacao_de_monitoramento_-_suzano_tls1-vcptl_-_tres_lagoas' salvos com 34 registros.
2025-07-07 17:26:32,948 - INFO - Aguardando 4.17 segundos...
2025-07-07 17:26:37,126 - INFO - ===== COLETA DE DADOS GERAL FINALIZADA =====
2025-07-07 17:30:21,619 - INFO - ===== INICIANDO NOVA COLETA DE DADOS GERAL =====
2025-07-07 17:30:21,619 - INFO - Coleta configurada para as UFs: ['MG']
2025-07-07 17:30:21,619 - INFO - --- Processando estado: MG (ID: 31) ---
2025-07-07 17:30:21,619 - INFO - Encontradas 52 estações para MG.
2025-07-07 17:30:21,619 - INFO - Pasta de saída definida como: dados/MG/2025-07-07
2025-07-07 17:30:21,619 - INFO - Processando estação: 103 | URL: https://monitorar-backend.mma.gov.br/v1/estacao/por-ids?ids=103
2025-07-07 17:30:22,714 - INFO - Dados para '_comunidade_do_feijao' salvos com 47 registros.
2025-07-07 17:30:22,714 - INFO - Aguardando 5.38 segundos...
2025-07-07 17:30:28,111 - INFO - Processando estação: 10521 | URL: https://monitorar-backend.mma.gov.br/v1/estacao/por-ids?ids=10521
2025-07-07 17:30:28,775 - INFO - Dados para 'filhinha_gama' salvos com 24 registros.
2025-07-07 17:30:28,775 - INFO - Aguardando 4.44 segundos...
2025-07-07 17:30:33,216 - INFO - Processando estação: 94 | URL: https://monitorar-backend.mma.gov.br/v1/estacao/por-ids?ids=94
2025-07-07 17:30:34,056 - INFO - Dados para 'estacao_parque_da_cachoeira' salvos com 29 registros.
2025-07-07 17:30:34,056 - INFO - Aguardando 2.88 segundos...
2025-07-07 17:30:36,945 - INFO - Processando estação: 95 | URL: https://monitorar-backend.mma.gov.br/v1/estacao/por-ids?ids=95
2025-07-07 17:30:37,549 - INFO - Dados para 'estacao_e.m._pe._vicente_assuncao' salvos com 48 registros.
2025-07-07 17:30:37,549 - INFO - Aguardando 5.40 segundos...
2025-07-07 17:30:42,953 - INFO - Processando estação: 72 | URL: https://monitorar-backend.mma.gov.br/v1/estacao/por-ids?ids=72
2025-07-07 17:30:44,685 - INFO - Dados para 'puc_sao_gabriel' salvos com 72 registros.
2025-07-07 17:30:44,685 - INFO - Aguardando 5.29 segundos...
2025-07-07 17:30:49,984 - INFO - Processando estação: 77 | URL: https://monitorar-backend.mma.gov.br/v1/estacao/por-ids?ids=77
2025-07-07 17:30:51,944 - INFO - Dados para 'aeroporto_cmd' salvos com 48 registros.
2025-07-07 17:30:51,944 - INFO - Aguardando 3.13 segundos...
2025-07-07 17:30:55,079 - INFO - Processando estação: 78 | URL: https://monitorar-backend.mma.gov.br/v1/estacao/por-ids?ids=78
2025-07-07 17:30:56,775 - INFO - Dados para 'corregos' salvos com 48 registros.
2025-07-07 17:30:56,775 - INFO - Aguardando 5.48 segundos...
2025-07-07 17:31:02,266 - INFO - Processando estação: 79 | URL: https://monitorar-backend.mma.gov.br/v1/estacao/por-ids?ids=79
2025-07-07 17:31:04,744 - INFO - Dados para 'sapo' salvos com 45 registros.
2025-07-07 17:31:04,744 - INFO - Aguardando 5.31 segundos...
2025-07-07 17:31:10,064 - INFO - Processando estação: 96 | URL: https://monitorar-backend.mma.gov.br/v1/estacao/por-ids?ids=96
2025-07-07 17:31:12,214 - INFO - Dados para '_matriz' salvos com 47 registros.
2025-07-07 17:31:12,214 - INFO - Aguardando 2.55 segundos...
2025-07-07 17:31:14,773 - INFO - Processando estação: 99 | URL: https://monitorar-backend.mma.gov.br/v1/estacao/por-ids?ids=99
2025-07-07 17:31:16,369 - INFO - Dados para '_barra_longa_centro' salvos com 46 registros.
2025-07-07 17:31:16,369 - INFO - Aguardando 3.13 segundos...
2025-07-07 17:31:19,497 - INFO - Processando estação: 80 | URL: https://monitorar-backend.mma.gov.br/v1/estacao/por-ids?ids=80
2025-07-07 17:31:21,349 - INFO - Dados para 'lobo_leite' salvos com 72 registros.
2025-07-07 17:31:21,349 - INFO - Aguardando 3.30 segundos...
2025-07-07 17:31:24,666 - INFO - Processando estação: 98 | URL: https://monitorar-backend.mma.gov.br/v1/estacao/por-ids?ids=98
2025-07-07 17:31:26,431 - INFO - Dados para 'cecilia_meireles' salvos com 48 registros.
2025-07-07 17:31:26,431 - INFO - Aguardando 5.32 segundos...
2025-07-07 17:31:31,758 - INFO - Processando estação: 81 | URL: https://monitorar-backend.mma.gov.br/v1/estacao/por-ids?ids=81
2025-07-07 17:31:33,783 - INFO - Dados para 'senac_vale_do_aco' salvos com 48 registros.
2025-07-07 17:31:33,783 - INFO - Aguardando 3.76 segundos...
2025-07-07 17:31:37,549 - INFO - Processando estação: 82 | URL: https://monitorar-backend.mma.gov.br/v1/estacao/por-ids?ids=82
2025-07-07 17:31:39,088 - INFO - Dados para 'bom_retiro' salvos com 71 registros.
2025-07-07 17:31:39,088 - INFO - Aguardando 4.52 segundos...
2025-07-07 17:31:43,613 - INFO - Processando estação: 107 | URL: https://monitorar-backend.mma.gov.br/v1/estacao/por-ids?ids=107
2025-07-07 17:31:45,259 - INFO - Dados para '_motas' salvos com 24 registros.
2025-07-07 17:31:45,259 - INFO - Aguardando 4.12 segundos...
2025-07-07 17:31:49,392 - INFO - Processando estação: 108 | URL: https://monitorar-backend.mma.gov.br/v1/estacao/por-ids?ids=108
2025-07-07 17:31:51,000 - INFO - Dados para '_pires' salvos com 24 registros.
2025-07-07 17:31:51,000 - INFO - Aguardando 2.83 segundos...
2025-07-07 17:31:53,833 - INFO - Processando estação: 10041 | URL: https://monitorar-backend.mma.gov.br/v1/estacao/por-ids?ids=10041
2025-07-07 17:31:54,598 - INFO - Dados para 'jardim_encantado' salvos com 24 registros.
2025-07-07 17:31:54,598 - INFO - Aguardando 4.65 segundos...
2025-07-07 17:31:59,253 - INFO - Processando estação: 61 | URL: https://monitorar-backend.mma.gov.br/v1/estacao/por-ids?ids=61
2025-07-07 17:32:00,810 - INFO - Dados para 'copasa' salvos com 24 registros.
2025-07-07 17:32:00,810 - INFO - Aguardando 4.33 segundos...
2025-07-07 17:32:05,156 - INFO - Processando estação: 62 | URL: https://monitorar-backend.mma.gov.br/v1/estacao/por-ids?ids=62
2025-07-07 17:32:06,746 - INFO - Dados para 'lagoa_trindade_rodrigues' salvos com 24 registros.
2025-07-07 17:32:06,746 - INFO - Aguardando 3.44 segundos...
2025-07-07 17:32:10,194 - INFO - Processando estação: 84 | URL: https://monitorar-backend.mma.gov.br/v1/estacao/por-ids?ids=84
2025-07-07 17:32:11,818 - INFO - Dados para 'major_lage' salvos com 24 registros.
2025-07-07 17:32:11,818 - INFO - Aguardando 3.75 segundos...
2025-07-07 17:32:15,573 - INFO - Processando estação: 64 | URL: https://monitorar-backend.mma.gov.br/v1/estacao/por-ids?ids=64
2025-07-07 17:32:17,599 - INFO - Dados para 'sergio_ulhoa' salvos com 44 registros.
2025-07-07 17:32:17,599 - INFO - Aguardando 4.23 segundos...
2025-07-07 17:32:21,847 - INFO - Processando estação: 88 | URL: https://monitorar-backend.mma.gov.br/v1/estacao/por-ids?ids=88
2025-07-07 17:32:23,470 - INFO - Dados para '_volta_da_capela' salvos com 45 registros.
2025-07-07 17:32:23,470 - INFO - Aguardando 4.26 segundos...
2025-07-07 17:32:27,731 - INFO - Processando estação: 65 | URL: https://monitorar-backend.mma.gov.br/v1/estacao/por-ids?ids=65
2025-07-07 17:32:29,350 - INFO - Dados para 'clube_do_uniao' salvos com 46 registros.
2025-07-07 17:32:29,350 - INFO - Aguardando 4.88 segundos...
2025-07-07 17:32:34,242 - INFO - Processando estação: 91 | URL: https://monitorar-backend.mma.gov.br/v1/estacao/por-ids?ids=91
2025-07-07 17:32:35,796 - INFO - Dados para 'cariru' salvos com 65 registros.
2025-07-07 17:32:35,796 - INFO - Aguardando 4.56 segundos...
2025-07-07 17:32:40,366 - INFO - Processando estação: 89 | URL: https://monitorar-backend.mma.gov.br/v1/estacao/por-ids?ids=89
2025-07-07 17:32:41,902 - INFO - Dados para 'funam' salvos com 24 registros.
2025-07-07 17:32:41,902 - INFO - Aguardando 5.09 segundos...
2025-07-07 17:32:46,998 - INFO - Processando estação: 92 | URL: https://monitorar-backend.mma.gov.br/v1/estacao/por-ids?ids=92
2025-07-07 17:32:48,628 - INFO - Dados para 'novo_plataforma' salvos com 32 registros.
2025-07-07 17:32:48,628 - INFO - Aguardando 2.93 segundos...
2025-07-07 17:32:51,560 - INFO - Processando estação: 104 | URL: https://monitorar-backend.mma.gov.br/v1/estacao/por-ids?ids=104
2025-07-07 17:32:53,182 - INFO - Dados para 'basilica' salvos com 118 registros.
2025-07-07 17:32:53,182 - INFO - Aguardando 3.50 segundos...
2025-07-07 17:32:56,690 - INFO - Processando estação: 106 | URL: https://monitorar-backend.mma.gov.br/v1/estacao/por-ids?ids=106
2025-07-07 17:32:58,125 - INFO - Dados para '_paracatu_de_baixo' salvos com 48 registros.
2025-07-07 17:32:58,125 - INFO - Aguardando 3.83 segundos...
2025-07-07 17:33:01,958 - INFO - Processando estação: 93 | URL: https://monitorar-backend.mma.gov.br/v1/estacao/por-ids?ids=93
2025-07-07 17:33:03,323 - INFO - Dados para '_gesteira' salvos com 33 registros.
2025-07-07 17:33:03,323 - INFO - Aguardando 2.95 segundos...
2025-07-07 17:33:06,278 - INFO - Processando estação: 71 | URL: https://monitorar-backend.mma.gov.br/v1/estacao/por-ids?ids=71
2025-07-07 17:33:07,688 - INFO - Dados para 'puc_barreiro' salvos com 48 registros.
2025-07-07 17:33:07,688 - INFO - Aguardando 4.47 segundos...
2025-07-07 17:33:12,160 - INFO - Processando estação: 76 | URL: https://monitorar-backend.mma.gov.br/v1/estacao/por-ids?ids=76
2025-07-07 17:33:13,512 - INFO - Dados para 'jardim_profeta' salvos com 24 registros.
2025-07-07 17:33:13,526 - INFO - Aguardando 2.80 segundos...
2025-07-07 17:33:16,331 - INFO - Processando estação: 100 | URL: https://monitorar-backend.mma.gov.br/v1/estacao/por-ids?ids=100
2025-07-07 17:33:17,623 - INFO - Dados para '_rio_doce' salvos com 46 registros.
2025-07-07 17:33:17,623 - INFO - Aguardando 4.30 segundos...
2025-07-07 17:33:21,932 - INFO - Processando estação: 83 | URL: https://monitorar-backend.mma.gov.br/v1/estacao/por-ids?ids=83
2025-07-07 17:33:23,479 - INFO - Dados para 'veneza' salvos com 72 registros.
2025-07-07 17:33:23,479 - INFO - Aguardando 2.72 segundos...
2025-07-07 17:33:26,198 - INFO - Processando estação: 63 | URL: https://monitorar-backend.mma.gov.br/v1/estacao/por-ids?ids=63
2025-07-07 17:33:27,694 - INFO - Dados para 'sao_domingos' salvos com 24 registros.
2025-07-07 17:33:27,694 - INFO - Aguardando 5.24 segundos...
2025-07-07 17:33:32,943 - INFO - Processando estação: 86 | URL: https://monitorar-backend.mma.gov.br/v1/estacao/por-ids?ids=86
2025-07-07 17:33:34,495 - INFO - Dados para 'cidade_nobre' salvos com 72 registros.
2025-07-07 17:33:34,495 - INFO - Aguardando 5.46 segundos...
2025-07-07 17:33:39,955 - INFO - Processando estação: 102 | URL: https://monitorar-backend.mma.gov.br/v1/estacao/por-ids?ids=102
2025-07-07 17:33:41,199 - INFO - Dados para '_novo_soberbo' salvos com 48 registros.
2025-07-07 17:33:41,199 - INFO - Aguardando 2.72 segundos...
2025-07-07 17:33:43,927 - INFO - Processando estação: 301 | URL: https://monitorar-backend.mma.gov.br/v1/estacao/por-ids?ids=301
2025-07-07 17:33:45,094 - INFO - Dados para 'saae' salvos com 24 registros.
2025-07-07 17:33:45,094 - INFO - Aguardando 4.59 segundos...
2025-07-07 17:33:49,695 - INFO - Processando estação: 87 | URL: https://monitorar-backend.mma.gov.br/v1/estacao/por-ids?ids=87
2025-07-07 17:33:50,941 - INFO - Dados para '_santana_do_deserto' salvos com 46 registros.
2025-07-07 17:33:50,941 - INFO - Aguardando 4.53 segundos...
2025-07-07 17:33:55,474 - INFO - Processando estação: 73 | URL: https://monitorar-backend.mma.gov.br/v1/estacao/por-ids?ids=73
2025-07-07 17:33:56,933 - INFO - Dados para 'centro_av._do_contorno' salvos com 67 registros.
2025-07-07 17:33:56,933 - INFO - Aguardando 5.24 segundos...
2025-07-07 17:34:02,180 - INFO - Processando estação: 74 | URL: https://monitorar-backend.mma.gov.br/v1/estacao/por-ids?ids=74
2025-07-07 17:34:03,649 - INFO - Dados para 'alterosa' salvos com 72 registros.
2025-07-07 17:34:03,649 - INFO - Aguardando 2.57 segundos...
2025-07-07 17:34:06,226 - INFO - Processando estação: 75 | URL: https://monitorar-backend.mma.gov.br/v1/estacao/por-ids?ids=75
2025-07-07 17:34:07,592 - INFO - Dados para 'cascata' salvos com 71 registros.
2025-07-07 17:34:07,592 - INFO - Aguardando 5.35 segundos...
2025-07-07 17:34:12,959 - INFO - Processando estação: 66 | URL: https://monitorar-backend.mma.gov.br/v1/estacao/por-ids?ids=66
2025-07-07 17:34:14,472 - INFO - Dados para 'centro' salvos com 47 registros.
2025-07-07 17:34:14,472 - INFO - Aguardando 3.16 segundos...
2025-07-07 17:34:17,641 - INFO - Processando estação: 67 | URL: https://monitorar-backend.mma.gov.br/v1/estacao/por-ids?ids=67
2025-07-07 17:34:19,277 - INFO - Dados para 'celvia' salvos com 46 registros.
2025-07-07 17:34:19,277 - INFO - Aguardando 3.21 segundos...
2025-07-07 17:34:22,493 - INFO - Processando estação: 68 | URL: https://monitorar-backend.mma.gov.br/v1/estacao/por-ids?ids=68
2025-07-07 17:34:23,935 - INFO - Dados para 'centro_administrativo_betim' salvos com 71 registros.
2025-07-07 17:34:23,935 - INFO - Aguardando 4.33 segundos...
2025-07-07 17:34:28,272 - INFO - Processando estação: 69 | URL: https://monitorar-backend.mma.gov.br/v1/estacao/por-ids?ids=69
2025-07-07 17:34:29,625 - INFO - Dados para 'petrovale' salvos com 69 registros.
2025-07-07 17:34:29,625 - INFO - Aguardando 4.93 segundos...
2025-07-07 17:34:34,553 - INFO - Processando estação: 70 | URL: https://monitorar-backend.mma.gov.br/v1/estacao/por-ids?ids=70
2025-07-07 17:34:35,999 - INFO - Dados para 'piratininga' salvos com 71 registros.
2025-07-07 17:34:35,999 - INFO - Aguardando 3.39 segundos...
2025-07-07 17:34:39,405 - INFO - Processando estação: 101 | URL: https://monitorar-backend.mma.gov.br/v1/estacao/por-ids?ids=101
2025-07-07 17:34:41,009 - INFO - Dados para 'panorama' salvos com 48 registros.
2025-07-07 17:34:41,009 - INFO - Aguardando 2.85 segundos...
2025-07-07 17:34:43,878 - INFO - Processando estação: 90 | URL: https://monitorar-backend.mma.gov.br/v1/estacao/por-ids?ids=90
2025-07-07 17:34:45,538 - INFO - Dados para 'para' salvos com 47 registros.
2025-07-07 17:34:45,538 - INFO - Aguardando 3.75 segundos...
2025-07-07 17:34:49,299 - INFO - Processando estação: 105 | URL: https://monitorar-backend.mma.gov.br/v1/estacao/por-ids?ids=105
2025-07-07 17:34:50,971 - INFO - Dados para 'felix' salvos com 47 registros.
2025-07-07 17:34:50,971 - INFO - Aguardando 3.78 segundos...
2025-07-07 17:34:54,751 - INFO - Processando estação: 97 | URL: https://monitorar-backend.mma.gov.br/v1/estacao/por-ids?ids=97
2025-07-07 17:34:56,173 - INFO - Dados para 'senai_cfp' salvos com 24 registros.
2025-07-07 17:34:56,173 - INFO - Aguardando 4.68 segundos...
2025-07-07 17:35:00,859 - INFO - Processando estação: 85 | URL: https://monitorar-backend.mma.gov.br/v1/estacao/por-ids?ids=85
2025-07-07 17:35:02,134 - INFO - Dados para 'escola_semetinha' salvos com 48 registros.
2025-07-07 17:35:02,134 - INFO - Aguardando 4.74 segundos...
2025-07-07 17:35:06,882 - INFO - Processando estação: 109 | URL: https://monitorar-backend.mma.gov.br/v1/estacao/por-ids?ids=109
2025-07-07 17:35:08,219 - INFO - Dados para 'hospital_vital_brazil' salvos com 24 registros.
2025-07-07 17:35:08,219 - INFO - Aguardando 2.59 segundos...
2025-07-07 17:35:10,826 - INFO - ===== COLETA DE DADOS GERAL FINALIZADA =====
2025-07-07 17:37:51,779 - INFO - ===== INICIANDO NOVA COLETA DE DADOS GERAL =====
2025-07-07 17:37:51,779 - INFO - Coleta configurada para as UFs: ['RJ']
2025-07-07 17:37:51,779 - INFO - --- Processando estado: RJ (ID: 33) ---
2025-07-07 17:37:51,779 - INFO - Encontradas 8 estações para RJ.
2025-07-07 17:37:51,779 - INFO - Pasta de saída definida como: dados/RJ/2025-07-07
2025-07-07 17:37:51,779 - INFO - Processando estação: 385 | URL: https://monitorar-backend.mma.gov.br/v1/estacao/por-ids?ids=385
2025-07-07 17:37:54,346 - INFO - Dados para 'sao_cristovao' salvos com 40 registros.
2025-07-07 17:37:54,347 - INFO - Aguardando 3.72 segundos...
2025-07-07 17:37:58,067 - INFO - Processando estação: 384 | URL: https://monitorar-backend.mma.gov.br/v1/estacao/por-ids?ids=384
2025-07-07 17:38:00,495 - INFO - Dados para 'pedra_de_guaratiba' salvos com 47 registros.
2025-07-07 17:38:00,497 - INFO - Aguardando 3.57 segundos...
2025-07-07 17:38:04,065 - INFO - Processando estação: 386 | URL: https://monitorar-backend.mma.gov.br/v1/estacao/por-ids?ids=386
2025-07-07 17:38:07,841 - INFO - Dados para 'tijuca' salvos com 46 registros.
2025-07-07 17:38:07,841 - INFO - Aguardando 4.72 segundos...
2025-07-07 17:38:12,571 - INFO - Processando estação: 401 | URL: https://monitorar-backend.mma.gov.br/v1/estacao/por-ids?ids=401
2025-07-07 17:38:15,978 - INFO - Dados para 'copacabana' salvos com 48 registros.
2025-07-07 17:38:15,978 - INFO - Aguardando 2.64 segundos...
2025-07-07 17:38:18,624 - INFO - Processando estação: 381 | URL: https://monitorar-backend.mma.gov.br/v1/estacao/por-ids?ids=381
2025-07-07 17:38:21,692 - INFO - Dados para 'centro' salvos com 48 registros.
2025-07-07 17:38:21,692 - INFO - Aguardando 3.47 segundos...
2025-07-07 17:38:25,170 - INFO - Processando estação: 382 | URL: https://monitorar-backend.mma.gov.br/v1/estacao/por-ids?ids=382
2025-07-07 17:38:28,104 - INFO - Dados para 'campo_grande' salvos com 72 registros.
2025-07-07 17:38:28,104 - INFO - Aguardando 5.42 segundos...
2025-07-07 17:38:33,537 - INFO - Processando estação: 387 | URL: https://monitorar-backend.mma.gov.br/v1/estacao/por-ids?ids=387
2025-07-07 17:38:35,993 - INFO - Dados para 'bangu' salvos com 72 registros.
2025-07-07 17:38:35,993 - INFO - Aguardando 3.93 segundos...
2025-07-07 17:38:39,923 - INFO - Processando estação: 383 | URL: https://monitorar-backend.mma.gov.br/v1/estacao/por-ids?ids=383
2025-07-07 17:38:42,622 - INFO - Dados para 'iraja' salvos com 144 registros.
2025-07-07 17:38:42,622 - INFO - Aguardando 3.05 segundos...
2025-07-07 17:38:45,681 - INFO - ===== COLETA DE DADOS GERAL FINALIZADA =====
